<?xml version="1.0" encoding="UTF-8"?>
<!-- Generated by org.testng.reporters.JUnitXMLReporter -->
<testsuite hostname="DESKTOP-R6U7DT6" ignored="0" name="Default test" tests="3" failures="0" timestamp="2020-12-01T20:09:12 CST" time="0.092" errors="0">
  <testcase name="@BeforeMethod startBrowser" time="0.049" classname="com.hxy.util.BaseTest">
    <failure type="java.lang.IllegalStateException" message="The driver executable does not exist: C:\geckodriver\geckodriver.exe">
      <![CDATA[java.lang.IllegalStateException: The driver executable does not exist: C:\geckodriver\geckodriver.exe
at com.google.common.base.Preconditions.checkState(Preconditions.java:585)
at org.openqa.selenium.remote.service.DriverService.checkExecutable(DriverService.java:146)
at org.openqa.selenium.remote.service.DriverService.findExecutable(DriverService.java:141)
at org.openqa.selenium.firefox.GeckoDriverService.access$100(GeckoDriverService.java:44)
at org.openqa.selenium.firefox.GeckoDriverService$Builder.findDefaultExecutable(GeckoDriverService.java:167)
at org.openqa.selenium.remote.service.DriverService$Builder.build(DriverService.java:355)
at org.openqa.selenium.firefox.FirefoxDriver.toExecutor(FirefoxDriver.java:190)
at org.openqa.selenium.firefox.FirefoxDriver.<init>(FirefoxDriver.java:147)
at org.openqa.selenium.firefox.FirefoxDriver.<init>(FirefoxDriver.java:125)
at com.hxy.util.BaseTest.startBrowser(BaseTest.java:27)
at sun.reflect.NativeMethodAccessorImpl.invoke0(Native Method)
at sun.reflect.NativeMethodAccessorImpl.invoke(Unknown Source)
at sun.reflect.DelegatingMethodAccessorImpl.invoke(Unknown Source)
at java.lang.reflect.Method.invoke(Unknown Source)
at org.testng.internal.MethodInvocationHelper.invokeMethod(MethodInvocationHelper.java:132)
at org.testng.internal.MethodInvocationHelper.invokeMethodConsideringTimeout(MethodInvocationHelper.java:61)
at org.testng.internal.ConfigInvoker.invokeConfigurationMethod(ConfigInvoker.java:366)
at org.testng.internal.ConfigInvoker.invokeConfigurations(ConfigInvoker.java:320)
at org.testng.internal.TestInvoker.runConfigMethods(TestInvoker.java:701)
at org.testng.internal.TestInvoker.invokeMethod(TestInvoker.java:527)
at org.testng.internal.TestInvoker.invokeTestMethod(TestInvoker.java:174)
at org.testng.internal.MethodRunner.runInSequence(MethodRunner.java:46)
at org.testng.internal.TestInvoker$MethodInvocationAgent.invoke(TestInvoker.java:822)
at org.testng.internal.TestInvoker.invokeTestMethods(TestInvoker.java:147)
at org.testng.internal.TestMethodWorker.invokeTestMethods(TestMethodWorker.java:146)
at org.testng.internal.TestMethodWorker.run(TestMethodWorker.java:128)
at java.util.ArrayList.forEach(Unknown Source)
at org.testng.TestRunner.privateRun(TestRunner.java:764)
at org.testng.TestRunner.run(TestRunner.java:585)
at org.testng.SuiteRunner.runTest(SuiteRunner.java:384)
at org.testng.SuiteRunner.runSequentially(SuiteRunner.java:378)
at org.testng.SuiteRunner.privateRun(SuiteRunner.java:337)
at org.testng.SuiteRunner.run(SuiteRunner.java:286)
at org.testng.SuiteRunnerWorker.runSuite(SuiteRunnerWorker.java:53)
at org.testng.SuiteRunnerWorker.run(SuiteRunnerWorker.java:96)
at org.testng.TestNG.runSuitesSequentially(TestNG.java:1218)
at org.testng.TestNG.runSuitesLocally(TestNG.java:1140)
at org.testng.TestNG.runSuites(TestNG.java:1069)
at org.testng.TestNG.run(TestNG.java:1037)
at org.testng.remote.AbstractRemoteTestNG.run(AbstractRemoteTestNG.java:115)
at org.testng.remote.RemoteTestNG.initAndRun(RemoteTestNG.java:251)
at org.testng.remote.RemoteTestNG.main(RemoteTestNG.java:77)
]]>
    </failure>
  </testcase> <!-- @BeforeMethod startBrowser -->
  <testcase name="@AfterMethod doAfterMethod" time="-1.606824552853E9" classname="com.hxy.util.BaseTest">
    <skipped/>
  </testcase> <!-- @AfterMethod doAfterMethod -->
  <testcase name="@BeforeMethod startBrowser" time="-1.606824552854E9" classname="com.hxy.util.BaseTest">
    <skipped/>
  </testcase> <!-- @BeforeMethod startBrowser -->
  <testcase name="@AfterMethod doAfterMethod" time="-1.606824552858E9" classname="com.hxy.util.BaseTest">
    <skipped/>
  </testcase> <!-- @AfterMethod doAfterMethod -->
  <testcase name="@BeforeMethod startBrowser" time="-1.60682455286E9" classname="com.hxy.util.BaseTest">
    <skipped/>
  </testcase> <!-- @BeforeMethod startBrowser -->
  <testcase name="@AfterMethod doAfterMethod" time="-1.606824552864E9" classname="com.hxy.util.BaseTest">
    <skipped/>
  </testcase> <!-- @AfterMethod doAfterMethod -->
  <testcase name="ProductShow_set_background_color" time="0.0" classname="com.hxy.testCase.ProductShow_Test">
    <skipped/>
  </testcase> <!-- ProductShow_set_background_color -->
  <testcase name="ProductShow_set_text_color" time="0.0" classname="com.hxy.testCase.ProductShow_Test">
    <skipped/>
  </testcase> <!-- ProductShow_set_text_color -->
  <testcase name="ProductShow_set_text_distance" time="0.0" classname="com.hxy.testCase.ProductShow_Test">
    <skipped/>
  </testcase> <!-- ProductShow_set_text_distance -->
</testsuite> <!-- Default test -->
