<?xml version="1.0" encoding="UTF-8"?>
<!-- Generated by org.testng.reporters.JUnitXMLReporter -->
<testsuite hostname="DESKTOP-R6U7DT6" ignored="0" name="all" tests="3" failures="0" timestamp="2020-12-01T19:50:17 CST" time="0.081" errors="0">
  <testcase name="@BeforeMethod startBrowser" time="0.06" classname="com.hxy.util.BaseTest">
    <failure type="java.lang.IllegalStateException" message="The driver executable does not exist: C:\geckodriver\geckodriver.exe">
      <![CDATA[java.lang.IllegalStateException: The driver executable does not exist: C:\geckodriver\geckodriver.exe
at com.google.common.base.Preconditions.checkState(Preconditions.java:585)
at org.openqa.selenium.remote.service.DriverService.checkExecutable(DriverService.java:146)
at org.openqa.selenium.remote.service.DriverService.findExecutable(DriverService.java:141)
at org.openqa.selenium.firefox.GeckoDriverService.access$100(GeckoDriverService.java:44)
at org.openqa.selenium.firefox.GeckoDriverService$Builder.findDefaultExecutable(GeckoDriverService.java:167)
at org.openqa.selenium.remote.service.DriverService$Builder.build(DriverService.java:355)
at org.openqa.selenium.firefox.FirefoxDriver.toExecutor(FirefoxDriver.java:190)
at org.openqa.selenium.firefox.FirefoxDriver.<init>(FirefoxDriver.java:147)
at org.openqa.selenium.firefox.FirefoxDriver.<init>(FirefoxDriver.java:125)
at com.hxy.util.BaseTest.startBrowser(Unknown Source)
at java.util.ArrayList.forEach(Unknown Source)
... Removed 30 stack frames]]>
    </failure>
  </testcase> <!-- @BeforeMethod startBrowser -->
  <testcase name="@AfterMethod doAfterMethod" time="-1.606823417837E9" classname="com.hxy.util.BaseTest">
    <skipped/>
  </testcase> <!-- @AfterMethod doAfterMethod -->
  <testcase name="@BeforeMethod startBrowser" time="-1.606823417838E9" classname="com.hxy.util.BaseTest">
    <skipped/>
  </testcase> <!-- @BeforeMethod startBrowser -->
  <testcase name="@AfterMethod doAfterMethod" time="-1.606823417838E9" classname="com.hxy.util.BaseTest">
    <skipped/>
  </testcase> <!-- @AfterMethod doAfterMethod -->
  <testcase name="@BeforeMethod startBrowser" time="-1.606823417838E9" classname="com.hxy.util.BaseTest">
    <skipped/>
  </testcase> <!-- @BeforeMethod startBrowser -->
  <testcase name="@AfterMethod doAfterMethod" time="-1.606823417838E9" classname="com.hxy.util.BaseTest">
    <skipped/>
  </testcase> <!-- @AfterMethod doAfterMethod -->
  <testcase name="ProductShow_set_background_color" time="0.0" classname="com.hxy.testCase.ProductShow_Test">
    <skipped/>
  </testcase> <!-- ProductShow_set_background_color -->
  <testcase name="ProductShow_set_text_color" time="0.0" classname="com.hxy.testCase.ProductShow_Test">
    <skipped/>
  </testcase> <!-- ProductShow_set_text_color -->
  <testcase name="ProductShow_set_text_distance" time="0.0" classname="com.hxy.testCase.ProductShow_Test">
    <skipped/>
  </testcase> <!-- ProductShow_set_text_distance -->
</testsuite> <!-- all -->
